<?xml version="1.0" encoding="UTF-8"?>
<!-- Generated by org.testng.reporters.JUnitReportReporter -->
<testsuite hostname="DESKTOP-TV5SK76" failures="0" tests="3" name="com.test.TestNGbasic" time="0.016" errors="0" timestamp="2023-10-29T14:54:38 IST" skipped="0">
  <testcase classname="com.test.TestNGbasic" name="testmethod3" time="0.005"/>
  <testcase classname="com.test.TestNGbasic" name="testmethod1" time="0.005"/>
  <testcase classname="com.test.TestNGbasic" name="testmethod2" time="0.006"/>
</testsuite> <!-- com.test.TestNGbasic -->
