<?xml version="1.0" encoding="UTF-8"?>
<!-- Generated by org.testng.reporters.JUnitReportReporter -->
<testsuite hostname="DESKTOP-TV5SK76" failures="0" tests="10" name="com.test.InvocationCount" time="0.045" errors="0" timestamp="2023-10-29T14:54:38 IST" skipped="0">
  <testcase classname="com.test.InvocationCount" name="sum" time="0.003"/>
  <testcase classname="com.test.InvocationCount" name="sum" time="0.002"/>
  <testcase classname="com.test.InvocationCount" name="sum" time="0.001"/>
  <testcase classname="com.test.InvocationCount" name="sum" time="0.001"/>
  <testcase classname="com.test.InvocationCount" name="sum" time="0.001"/>
  <testcase classname="com.test.InvocationCount" name="sum" time="0.001"/>
  <testcase classname="com.test.InvocationCount" name="sum" time="0.006"/>
  <testcase classname="com.test.InvocationCount" name="sum" time="0.008"/>
  <testcase classname="com.test.InvocationCount" name="sum" time="0.017"/>
  <testcase classname="com.test.InvocationCount" name="sum" time="0.005"/>
</testsuite> <!-- com.test.InvocationCount -->
