<?xml version="1.0" encoding="UTF-8"?>
<!-- Generated by org.testng.reporters.JUnitReportReporter -->
<testsuite hostname="DESKTOP-TV5SK76" failures="0" tests="2" name="com.test.GoogletitileTest" time="44.144" errors="0" timestamp="2023-10-29T14:54:38 IST" skipped="0">
  <testcase classname="com.test.GoogletitileTest" name="verifylogo" time="37.180"/>
  <testcase classname="com.test.GoogletitileTest" name="verifytitle" time="6.964"/>
</testsuite> <!-- com.test.GoogletitileTest -->
