<?xml version="1.0" encoding="UTF-8"?>
<!-- Generated by org.testng.reporters.JUnitReportReporter -->
<testsuite hostname="DESKTOP-TV5SK76" failures="0" tests="6" name="com.test.Googletest" time="154.243" errors="0" timestamp="2023-10-29T14:54:38 IST" skipped="0">
  <testcase classname="com.test.Googletest" name="te3" time="12.036"/>
  <testcase classname="com.test.Googletest" name="t1" time="36.316"/>
  <testcase classname="com.test.Googletest" name="tt2" time="52.356"/>
  <testcase classname="com.test.Googletest" name="verifytitle" time="12.789"/>
  <testcase classname="com.test.Googletest" name="verifysignbutton" time="14.316"/>
  <testcase classname="com.test.Googletest" name="verifylogo" time="26.430"/>
</testsuite> <!-- com.test.Googletest -->
